[ 2017-11-11T09:38:18+08:00 ] 172.17.8.146 116.7.99.106 GET /
[ log ] spider.yumishe88.com/ [运行时间：0.062500s][吞吐率：16.00req/s] [内存消耗：1,329.88kb] [文件加载：45]
[ info ] [ LANG ] C:\phpstudy\WWW\spider5118\thinkphp\lang\zh-cn.php
[ info ] [ ROUTE ] array (
  'type' => 'module',
  'module' => 
  array (
    0 => '',
    1 => NULL,
    2 => NULL,
  ),
)
[ info ] [ HEADER ] array (
  'cookie' => 'session_id_ip=116.7.97.96_1cbf742755dd010cb77c07120a3f57d4; Hm_lvt_0b4f63ebb845b713c188d2d41593beda=1509515571,1509610411,1509938926,1510197969; Hm_lvt_6925839509ea52f924e410725015f7b4=1509515571,1509610411,1509938926,1510197969; BDTUJIAID=c58d755e72ea96212e3c1a6be117e37c',
  'accept-language' => 'zh-CN,zh;q=0.8',
  'accept-encoding' => 'gzip, deflate, br',
  'accept' => 'text/html,application/xhtml+xml,application/xml;q=0.9,image/webp,image/apng,*/*;q=0.8',
  'upgrade-insecure-requests' => '1',
  'user-agent' => 'Mozilla/5.0 (Windows NT 6.1; WOW64) AppleWebKit/537.36 (KHTML, like Gecko) Chrome/61.0.3163.100 Safari/537.36',
  'connection' => 'keep-alive',
  'host' => 'spider.yumishe88.com',
  'content-length' => '',
  'content-type' => '',
)
[ info ] [ PARAM ] array (
)
[ info ] [ RUN ] app\index\controller\Index->index[ C:\phpstudy\WWW\spider5118\application\index\controller\Index.php ]
[ info ] [ VIEW ] C:\phpstudy\WWW\spider5118\public/../application/index\view\index\index.html [ array (
) ]
[ info ] [ LOG ] INIT File

---------------------------------------------------------------
[ 2017-11-11T09:42:30+08:00 ] 172.17.8.146 116.7.99.106 GET /
[ log ] spider.yumishe88.com/ [运行时间：0.015625s][吞吐率：64.00req/s] [内存消耗：1,329.99kb] [文件加载：45]
[ info ] [ LANG ] C:\phpstudy\WWW\spider5118\thinkphp\lang\zh-cn.php
[ info ] [ ROUTE ] array (
  'type' => 'module',
  'module' => 
  array (
    0 => '',
    1 => NULL,
    2 => NULL,
  ),
)
[ info ] [ HEADER ] array (
  'cookie' => 'session_id_ip=116.7.97.96_1cbf742755dd010cb77c07120a3f57d4; Hm_lvt_0b4f63ebb845b713c188d2d41593beda=1509515571,1509610411,1509938926,1510197969; Hm_lvt_6925839509ea52f924e410725015f7b4=1509515571,1509610411,1509938926,1510197969; BDTUJIAID=c58d755e72ea96212e3c1a6be117e37c',
  'accept-language' => 'zh-CN,zh;q=0.8',
  'accept-encoding' => 'gzip, deflate, br',
  'accept' => 'text/html,application/xhtml+xml,application/xml;q=0.9,image/webp,image/apng,*/*;q=0.8',
  'upgrade-insecure-requests' => '1',
  'user-agent' => 'Mozilla/5.0 (Windows NT 6.1; WOW64) AppleWebKit/537.36 (KHTML, like Gecko) Chrome/61.0.3163.100 Safari/537.36',
  'cache-control' => 'max-age=0',
  'connection' => 'keep-alive',
  'host' => 'spider.yumishe88.com',
  'content-length' => '',
  'content-type' => '',
)
[ info ] [ PARAM ] array (
)
[ info ] [ RUN ] app\index\controller\Index->index[ C:\phpstudy\WWW\spider5118\application\index\controller\Index.php ]
[ info ] [ VIEW ] C:\phpstudy\WWW\spider5118\public/../application/index\view\index\index.html [ array (
) ]
[ info ] [ LOG ] INIT File

---------------------------------------------------------------
[ 2017-11-11T09:42:40+08:00 ] 172.17.8.146 116.7.99.106 GET /
[ log ] spider.yumishe88.com/ [运行时间：0.015625s][吞吐率：64.00req/s] [内存消耗：1,330.02kb] [文件加载：45]
[ info ] [ LANG ] C:\phpstudy\WWW\spider5118\thinkphp\lang\zh-cn.php
[ info ] [ ROUTE ] array (
  'type' => 'module',
  'module' => 
  array (
    0 => '',
    1 => NULL,
    2 => NULL,
  ),
)
[ info ] [ HEADER ] array (
  'cookie' => 'session_id_ip=116.7.97.96_1cbf742755dd010cb77c07120a3f57d4; Hm_lvt_0b4f63ebb845b713c188d2d41593beda=1509515571,1509610411,1509938926,1510197969; Hm_lvt_6925839509ea52f924e410725015f7b4=1509515571,1509610411,1509938926,1510197969; BDTUJIAID=c58d755e72ea96212e3c1a6be117e37c',
  'accept-language' => 'zh-CN,zh;q=0.8',
  'accept-encoding' => 'gzip, deflate, br',
  'accept' => 'text/html,application/xhtml+xml,application/xml;q=0.9,image/webp,image/apng,*/*;q=0.8',
  'upgrade-insecure-requests' => '1',
  'user-agent' => 'Mozilla/5.0 (Windows NT 6.1; WOW64) AppleWebKit/537.36 (KHTML, like Gecko) Chrome/61.0.3163.100 Safari/537.36',
  'cache-control' => 'max-age=0',
  'connection' => 'keep-alive',
  'host' => 'spider.yumishe88.com',
  'content-length' => '',
  'content-type' => '',
)
[ info ] [ PARAM ] array (
)
[ info ] [ RUN ] app\index\controller\Index->index[ C:\phpstudy\WWW\spider5118\application\index\controller\Index.php ]
[ info ] [ VIEW ] C:\phpstudy\WWW\spider5118\public/../application/index\view\index\index.html [ array (
) ]
[ info ] [ LOG ] INIT File

---------------------------------------------------------------
[ 2017-11-11T09:43:57+08:00 ] 172.17.8.146 116.7.99.106 GET /
[ log ] spider.yumishe88.com/ [运行时间：0.015625s][吞吐率：64.00req/s] [内存消耗：1,329.86kb] [文件加载：45]
[ info ] [ LANG ] C:\phpstudy\WWW\spider5118\thinkphp\lang\zh-cn.php
[ info ] [ ROUTE ] array (
  'type' => 'module',
  'module' => 
  array (
    0 => '',
    1 => NULL,
    2 => NULL,
  ),
)
[ info ] [ HEADER ] array (
  'upgrade-insecure-requests' => '1',
  'connection' => 'keep-alive',
  'cookie' => 'Hm_lvt_0b4f63ebb845b713c188d2d41593beda=1509694073,1509772503,1509964117,1510104517; Hm_lvt_6925839509ea52f924e410725015f7b4=1509694073,1509772503,1509964117,1510104517; ECS[visit_times]=2; province=6; city=77; district=705; session_id_ip=116.7.97.96_61d701a39144b65cc8411116f9fd6a05',
  'accept-encoding' => 'gzip, deflate, br',
  'accept-language' => 'zh-CN,zh;q=0.8,en-US;q=0.5,en;q=0.3',
  'accept' => 'text/html,application/xhtml+xml,application/xml;q=0.9,*/*;q=0.8',
  'user-agent' => 'Mozilla/5.0 (Windows NT 6.1; Win64; x64; rv:56.0) Gecko/20100101 Firefox/56.0',
  'host' => 'spider.yumishe88.com',
  'content-length' => '',
  'content-type' => '',
)
[ info ] [ PARAM ] array (
)
[ info ] [ RUN ] app\index\controller\Index->index[ C:\phpstudy\WWW\spider5118\application\index\controller\Index.php ]
[ info ] [ VIEW ] C:\phpstudy\WWW\spider5118\public/../application/index\view\index\index.html [ array (
) ]
[ info ] [ LOG ] INIT File

---------------------------------------------------------------
[ 2017-11-11T09:52:14+08:00 ] 172.17.8.146 116.7.99.106 GET /index.php/index/index/business
[ log ] spider.yumishe88.com/index.php/index/index/business [运行时间：0.046875s][吞吐率：21.33req/s] [内存消耗：2,171.23kb] [文件加载：58]
[ info ] [ LANG ] C:\phpstudy\WWW\spider5118\thinkphp\lang\zh-cn.php
[ info ] [ ROUTE ] array (
  'type' => 'module',
  'module' => 
  array (
    0 => 'index',
    1 => 'index',
    2 => 'business',
  ),
)
[ info ] [ HEADER ] array (
  'upgrade-insecure-requests' => '1',
  'connection' => 'keep-alive',
  'cookie' => 'Hm_lvt_0b4f63ebb845b713c188d2d41593beda=1509694073,1509772503,1509964117,1510104517; Hm_lvt_6925839509ea52f924e410725015f7b4=1509694073,1509772503,1509964117,1510104517; ECS[visit_times]=2; province=6; city=77; district=705; session_id_ip=116.7.97.96_61d701a39144b65cc8411116f9fd6a05',
  'referer' => 'https://spider.yumishe88.com/',
  'accept-encoding' => 'gzip, deflate, br',
  'accept-language' => 'zh-CN,zh;q=0.8,en-US;q=0.5,en;q=0.3',
  'accept' => 'text/html,application/xhtml+xml,application/xml;q=0.9,*/*;q=0.8',
  'user-agent' => 'Mozilla/5.0 (Windows NT 6.1; Win64; x64; rv:56.0) Gecko/20100101 Firefox/56.0',
  'host' => 'spider.yumishe88.com',
  'content-length' => '',
  'content-type' => '',
)
[ info ] [ PARAM ] array (
)
[ info ] [ RUN ] app\index\controller\Index->business[ C:\phpstudy\WWW\spider5118\application\index\controller\Index.php ]
[ info ] [ DB ] INIT mysql
[ info ] [ VIEW ] C:\phpstudy\WWW\spider5118\public/../application/index\view\index\business.html [ array (
  0 => 'busData',
  1 => 'page',
) ]
[ info ] [ LOG ] INIT File
[ sql ] [ DB ] CONNECT:[ UseTime:0.000000s ] mysql:dbname=autouploads;host=127.0.0.1;port=3306;charset=utf8
[ sql ] [ SQL ] SHOW COLUMNS FROM `au_business` [ RunTime:0.000000s ]
[ sql ] [ SQL ] SELECT COUNT(*) AS tp_count FROM `au_business` WHERE  `is_delete` = 0 LIMIT 1 [ RunTime:0.000000s ]
[ sql ] [ SQL ] SELECT * FROM `au_business` WHERE  `is_delete` = 0 ORDER BY id desc LIMIT 0,5 [ RunTime:0.000000s ]

---------------------------------------------------------------
[ 2017-11-11T09:52:19+08:00 ] 172.17.8.146 116.7.99.106 GET /index.php/index/index/keywords
[ log ] spider.yumishe88.com/index.php/index/index/keywords [运行时间：0.031250s][吞吐率：32.00req/s] [内存消耗：2,036.86kb] [文件加载：56]
[ info ] [ LANG ] C:\phpstudy\WWW\spider5118\thinkphp\lang\zh-cn.php
[ info ] [ ROUTE ] array (
  'type' => 'module',
  'module' => 
  array (
    0 => 'index',
    1 => 'index',
    2 => 'keywords',
  ),
)
[ info ] [ HEADER ] array (
  'upgrade-insecure-requests' => '1',
  'connection' => 'keep-alive',
  'cookie' => 'Hm_lvt_0b4f63ebb845b713c188d2d41593beda=1509694073,1509772503,1509964117,1510104517; Hm_lvt_6925839509ea52f924e410725015f7b4=1509694073,1509772503,1509964117,1510104517; ECS[visit_times]=2; province=6; city=77; district=705; session_id_ip=116.7.97.96_61d701a39144b65cc8411116f9fd6a05',
  'referer' => 'https://spider.yumishe88.com/index.php/index/index/business',
  'accept-encoding' => 'gzip, deflate, br',
  'accept-language' => 'zh-CN,zh;q=0.8,en-US;q=0.5,en;q=0.3',
  'accept' => 'text/html,application/xhtml+xml,application/xml;q=0.9,*/*;q=0.8',
  'user-agent' => 'Mozilla/5.0 (Windows NT 6.1; Win64; x64; rv:56.0) Gecko/20100101 Firefox/56.0',
  'host' => 'spider.yumishe88.com',
  'content-length' => '',
  'content-type' => '',
)
[ info ] [ PARAM ] array (
)
[ info ] [ RUN ] app\index\controller\Index->keywords[ C:\phpstudy\WWW\spider5118\application\index\controller\Index.php ]
[ info ] [ DB ] INIT mysql
[ info ] [ VIEW ] C:\phpstudy\WWW\spider5118\public/../application/index\view\index\keywords.html [ array (
  0 => 'keywordsData',
  1 => 'page',
  2 => 'busTitle',
) ]
[ info ] [ LOG ] INIT File
[ sql ] [ DB ] CONNECT:[ UseTime:0.000000s ] mysql:dbname=autouploads;host=127.0.0.1;port=3306;charset=utf8
[ sql ] [ SQL ] SHOW COLUMNS FROM `au_business` [ RunTime:0.000000s ]
[ sql ] [ SQL ] SELECT `id`,`business_name` FROM `au_business` WHERE  `is_delete` = 0 [ RunTime:0.000000s ]
[ sql ] [ SQL ] SHOW COLUMNS FROM `au_keywords` [ RunTime:0.000000s ]
[ sql ] [ SQL ] SELECT COUNT(*) AS tp_count FROM `au_keywords` WHERE  `is_delete` = 0 LIMIT 1 [ RunTime:0.000000s ]
[ sql ] [ SQL ] SELECT `id`,`keyword`,`bid`,`add_time`,`select_state`,`upload_time` FROM `au_keywords` WHERE  `is_delete` = 0 LIMIT 0,10 [ RunTime:0.000000s ]
[ sql ] [ SQL ] SELECT `business_name` FROM `au_business` WHERE  `id` = 17 LIMIT 1 [ RunTime:0.000000s ]
[ sql ] [ SQL ] SELECT `business_name` FROM `au_business` WHERE  `id` = 18 LIMIT 1 [ RunTime:0.000000s ]
[ sql ] [ SQL ] SELECT `business_name` FROM `au_business` WHERE  `id` = 20 LIMIT 1 [ RunTime:0.000000s ]
[ sql ] [ SQL ] SELECT `business_name` FROM `au_business` WHERE  `id` = 16 LIMIT 1 [ RunTime:0.000000s ]

---------------------------------------------------------------
[ 2017-11-11T12:21:37+08:00 ] 172.17.8.146 116.7.99.106 POST /index.php/index/Wxuser/_apiGetWxUser
[ log ] spider.yumishe88.com/index.php/index/Wxuser/_apiGetWxUser [运行时间：0.031250s][吞吐率：32.00req/s] [内存消耗：1,896.61kb] [文件加载：52]
[ info ] [ LANG ] C:\phpstudy\WWW\spider5118\thinkphp\lang\zh-cn.php
[ info ] [ ROUTE ] array (
  'type' => 'module',
  'module' => 
  array (
    0 => 'index',
    1 => 'Wxuser',
    2 => '_apiGetWxUser',
  ),
)
[ info ] [ HEADER ] array (
  'accept-encoding' => 'gzip, deflate, br',
  'referer' => 'https://servicewechat.com/wx194844c76a6279c0/devtools/page-frame.html',
  'accept' => '*/*',
  'content-type' => 'application/x-www-form-urlencoded',
  'user-agent' => 'Mozilla/5.0 (Windows NT 6.1; Win64; x64) AppleWebKit/537.36 (KHTML, like Gecko) Chrome/53.0.2785.143 Safari/537.36 appservice webview/100000',
  'x-requested-with' => 'XMLHttpRequest',
  'origin' => 'http://1256907434.appservice.open.weixin.qq.com',
  'cache-control' => 'no-cache',
  'pragma' => 'no-cache',
  'content-length' => '246',
  'connection' => 'keep-alive',
  'host' => 'spider.yumishe88.com',
)
[ info ] [ PARAM ] array (
  'province' => 'Guangdong',
  'city' => 'Shenzhen',
  'country' => 'CN',
  'gender' => '1',
  'nickName' => '哥本哈登',
  'avatarUrl' => 'https://wx.qlogo.cn/mmopen/vi_32/fHES88uFcOpFMKX2rEB53TxpoRN0jvN3vgLRJwjIG07SareWK5kszTWBricQXvvzgvW2QsObx4GibbGcaqx5PY1A/0',
)
[ info ] [ RUN ] app\index\controller\Wxuser->_apiGetWxUser[ C:\phpstudy\WWW\spider5118\application\index\controller\Wxuser.php ]
[ info ] [ DB ] INIT mysql
[ info ] [ LOG ] INIT File
[ sql ] [ DB ] CONNECT:[ UseTime:0.000000s ] mysql:dbname=autouploads;host=127.0.0.1;port=3306;charset=utf8
[ sql ] [ SQL ] SHOW COLUMNS FROM `au_wxuser` [ RunTime:0.000000s ]
[ sql ] [ SQL ] SELECT * FROM `au_wxuser` WHERE  `nickName` = '哥本哈登' LIMIT 1 [ RunTime:0.000000s ]

---------------------------------------------------------------
[ 2017-11-11T12:32:58+08:00 ] 172.17.8.146 106.11.225.249 GET /
[ log ] spider.yumishe88.com/ [运行时间：0.031250s][吞吐率：32.00req/s] [内存消耗：1,329.18kb] [文件加载：45]
[ info ] [ LANG ] C:\phpstudy\WWW\spider5118\thinkphp\lang\zh-cn.php
[ info ] [ ROUTE ] array (
  'type' => 'module',
  'module' => 
  array (
    0 => '',
    1 => NULL,
    2 => NULL,
  ),
)
[ info ] [ HEADER ] array (
  'connection' => 'keep-alive',
  'accept' => 'text/html, image/gif, image/jpeg, *; q=.2, */*; q=.2',
  'host' => 'spider.yumishe88.com',
  'pragma' => 'no-cache',
  'cache-control' => 'no-cache',
  'user-agent' => 'Mozilla/5.0 (iPad; CPU OS 9_1 like Mac OS X) AppleWebKit/601.1.46 (KHTML, like Gecko) Version/9.0 Mobile/13B143 Safari/601.1',
  'accept-encoding' => 'gzip',
  'content-length' => '',
  'content-type' => '',
)
[ info ] [ PARAM ] array (
)
[ info ] [ RUN ] app\index\controller\Index->index[ C:\phpstudy\WWW\spider5118\application\index\controller\Index.php ]
[ info ] [ VIEW ] C:\phpstudy\WWW\spider5118\public/../application/index\view\index\index.html [ array (
) ]
[ info ] [ LOG ] INIT File

---------------------------------------------------------------
