[ 2017-11-12T12:20:52+08:00 ] 172.17.8.146 106.11.242.88 GET /
[ log ] spider.yumishe88.com/ [运行时间：0.015625s][吞吐率：64.00req/s] [内存消耗：1,329.49kb] [文件加载：45]
[ info ] [ LANG ] C:\phpstudy\WWW\spider5118\thinkphp\lang\zh-cn.php
[ info ] [ ROUTE ] array (
  'type' => 'module',
  'module' => 
  array (
    0 => '',
    1 => NULL,
    2 => NULL,
  ),
)
[ info ] [ HEADER ] array (
  'connection' => 'keep-alive',
  'accept' => 'text/html, image/gif, image/jpeg, *; q=.2, */*; q=.2',
  'host' => 'spider.yumishe88.com',
  'pragma' => 'no-cache',
  'cache-control' => 'no-cache',
  'user-agent' => 'Mozilla/5.0 (iPad; CPU OS 9_1 like Mac OS X) AppleWebKit/601.1.46 (KHTML, like Gecko) Version/9.0 Mobile/13B143 Safari/601.1',
  'accept-encoding' => 'gzip',
  'content-length' => '',
  'content-type' => '',
)
[ info ] [ PARAM ] array (
)
[ info ] [ RUN ] app\index\controller\Index->index[ C:\phpstudy\WWW\spider5118\application\index\controller\Index.php ]
[ info ] [ VIEW ] C:\phpstudy\WWW\spider5118\public/../application/index\view\index\index.html [ array (
) ]
[ info ] [ LOG ] INIT File

---------------------------------------------------------------
[ 2017-11-12T16:50:25+08:00 ] 172.17.8.146 14.103.1.25 GET /
[ log ] spider.yumishe88.com/ [运行时间：0.015625s][吞吐率：64.00req/s] [内存消耗：1,329.70kb] [文件加载：45]
[ info ] [ LANG ] C:\phpstudy\WWW\spider5118\thinkphp\lang\zh-cn.php
[ info ] [ ROUTE ] array (
  'type' => 'module',
  'module' => 
  array (
    0 => '',
    1 => NULL,
    2 => NULL,
  ),
)
[ info ] [ HEADER ] array (
  'connection' => 'keep-alive',
  'accept-encoding' => 'gzip, deflate',
  'accept-language' => 'zh-cn',
  'user-agent' => 'Mozilla/5.0 (iPhone; CPU iPhone OS 10_3_3 like Mac OS X) AppleWebKit/603.3.8 (KHTML, like Gecko) Mobile/14G60 MicroMessenger/6.5.19 NetType/WIFI Language/zh_CN',
  'cookie' => 'ECS[visit_times]=1; BDTUJIAID=14a79d185ad1a8948f9d43bb38b8f348',
  'accept' => 'text/html,application/xhtml+xml,application/xml;q=0.9,*/*;q=0.8',
  'host' => 'spider.yumishe88.com',
  'content-length' => '',
  'content-type' => '',
)
[ info ] [ PARAM ] array (
)
[ info ] [ RUN ] app\index\controller\Index->index[ C:\phpstudy\WWW\spider5118\application\index\controller\Index.php ]
[ info ] [ VIEW ] C:\phpstudy\WWW\spider5118\public/../application/index\view\index\index.html [ array (
) ]
[ info ] [ LOG ] INIT File

---------------------------------------------------------------
[ 2017-11-12T16:50:53+08:00 ] 172.17.8.146 14.103.1.25 GET /index.php
[ log ] spider.yumishe88.com/index.php [运行时间：0.015625s][吞吐率：64.00req/s] [内存消耗：1,330.06kb] [文件加载：45]
[ info ] [ LANG ] C:\phpstudy\WWW\spider5118\thinkphp\lang\zh-cn.php
[ info ] [ ROUTE ] array (
  'type' => 'module',
  'module' => 
  array (
    0 => '',
    1 => NULL,
    2 => NULL,
  ),
)
[ info ] [ HEADER ] array (
  'accept-encoding' => 'gzip, deflate',
  'referer' => 'https://spider.yumishe88.com/',
  'accept-language' => 'zh-cn',
  'user-agent' => 'Mozilla/5.0 (iPhone; CPU iPhone OS 10_3_3 like Mac OS X) AppleWebKit/603.3.8 (KHTML, like Gecko) Mobile/14G60 MicroMessenger/6.5.19 NetType/WIFI Language/zh_CN',
  'cookie' => 'ECS[visit_times]=1; BDTUJIAID=14a79d185ad1a8948f9d43bb38b8f348',
  'connection' => 'keep-alive',
  'accept' => 'text/html,application/xhtml+xml,application/xml;q=0.9,*/*;q=0.8',
  'host' => 'spider.yumishe88.com',
  'content-length' => '',
  'content-type' => '',
)
[ info ] [ PARAM ] array (
)
[ info ] [ RUN ] app\index\controller\Index->index[ C:\phpstudy\WWW\spider5118\application\index\controller\Index.php ]
[ info ] [ VIEW ] C:\phpstudy\WWW\spider5118\public/../application/index\view\index\index.html [ array (
) ]
[ info ] [ LOG ] INIT File

---------------------------------------------------------------
[ 2017-11-12T16:50:57+08:00 ] 172.17.8.146 14.103.1.25 GET /index.php/index/index/keywords
[ log ] spider.yumishe88.com/index.php/index/index/keywords [运行时间：0.031250s][吞吐率：32.00req/s] [内存消耗：2,036.64kb] [文件加载：56]
[ info ] [ LANG ] C:\phpstudy\WWW\spider5118\thinkphp\lang\zh-cn.php
[ info ] [ ROUTE ] array (
  'type' => 'module',
  'module' => 
  array (
    0 => 'index',
    1 => 'index',
    2 => 'keywords',
  ),
)
[ info ] [ HEADER ] array (
  'accept-encoding' => 'gzip, deflate',
  'referer' => 'https://spider.yumishe88.com/index.php',
  'accept-language' => 'zh-cn',
  'user-agent' => 'Mozilla/5.0 (iPhone; CPU iPhone OS 10_3_3 like Mac OS X) AppleWebKit/603.3.8 (KHTML, like Gecko) Mobile/14G60 MicroMessenger/6.5.19 NetType/WIFI Language/zh_CN',
  'cookie' => 'ECS[visit_times]=1; BDTUJIAID=14a79d185ad1a8948f9d43bb38b8f348',
  'connection' => 'keep-alive',
  'accept' => 'text/html,application/xhtml+xml,application/xml;q=0.9,*/*;q=0.8',
  'host' => 'spider.yumishe88.com',
  'content-length' => '',
  'content-type' => '',
)
[ info ] [ PARAM ] array (
)
[ info ] [ RUN ] app\index\controller\Index->keywords[ C:\phpstudy\WWW\spider5118\application\index\controller\Index.php ]
[ info ] [ DB ] INIT mysql
[ info ] [ VIEW ] C:\phpstudy\WWW\spider5118\public/../application/index\view\index\keywords.html [ array (
  0 => 'keywordsData',
  1 => 'page',
  2 => 'busTitle',
) ]
[ info ] [ LOG ] INIT File
[ sql ] [ DB ] CONNECT:[ UseTime:0.000000s ] mysql:dbname=autouploads;host=127.0.0.1;port=3306;charset=utf8
[ sql ] [ SQL ] SHOW COLUMNS FROM `au_business` [ RunTime:0.000000s ]
[ sql ] [ SQL ] SELECT `id`,`business_name` FROM `au_business` WHERE  `is_delete` = 0 [ RunTime:0.000000s ]
[ sql ] [ SQL ] SHOW COLUMNS FROM `au_keywords` [ RunTime:0.000000s ]
[ sql ] [ SQL ] SELECT COUNT(*) AS tp_count FROM `au_keywords` WHERE  `is_delete` = 0 LIMIT 1 [ RunTime:0.000000s ]
[ sql ] [ SQL ] SELECT `id`,`keyword`,`bid`,`add_time`,`select_state`,`upload_time` FROM `au_keywords` WHERE  `is_delete` = 0 LIMIT 0,10 [ RunTime:0.000000s ]
[ sql ] [ SQL ] SELECT `business_name` FROM `au_business` WHERE  `id` = 17 LIMIT 1 [ RunTime:0.000000s ]
[ sql ] [ SQL ] SELECT `business_name` FROM `au_business` WHERE  `id` = 18 LIMIT 1 [ RunTime:0.000000s ]
[ sql ] [ SQL ] SELECT `business_name` FROM `au_business` WHERE  `id` = 20 LIMIT 1 [ RunTime:0.000000s ]
[ sql ] [ SQL ] SELECT `business_name` FROM `au_business` WHERE  `id` = 16 LIMIT 1 [ RunTime:0.000000s ]

---------------------------------------------------------------
[ 2017-11-12T16:54:06+08:00 ] 172.17.8.146 14.103.1.25 POST /index.php/index/spider/_apigettopinfo.html
[ log ] spider.yumishe88.com/index.php/index/spider/_apigettopinfo.html [运行时间：29.343750s][吞吐率：0.03req/s] [内存消耗：1,736.42kb] [文件加载：48]
[ info ] [ LANG ] C:\phpstudy\WWW\spider5118\thinkphp\lang\zh-cn.php
[ info ] [ ROUTE ] array (
  'type' => 'module',
  'module' => 
  array (
    0 => 'index',
    1 => 'spider',
    2 => '_apigettopinfo',
  ),
)
[ info ] [ HEADER ] array (
  'cookie' => 'ECS[visit_times]=1; BDTUJIAID=14a79d185ad1a8948f9d43bb38b8f348',
  'content-length' => '5',
  'referer' => 'https://spider.yumishe88.com/index.php/index/index/keywords',
  'connection' => 'keep-alive',
  'user-agent' => 'Mozilla/5.0 (iPhone; CPU iPhone OS 10_3_3 like Mac OS X) AppleWebKit/603.3.8 (KHTML, like Gecko) Mobile/14G60 MicroMessenger/6.5.19 NetType/WIFI Language/zh_CN',
  'origin' => 'https://spider.yumishe88.com',
  'content-type' => 'application/x-www-form-urlencoded; charset=UTF-8',
  'accept-encoding' => 'gzip, deflate',
  'accept-language' => 'zh-cn',
  'x-requested-with' => 'XMLHttpRequest',
  'accept' => 'application/json, text/javascript, */*; q=0.01',
  'host' => 'spider.yumishe88.com',
)
[ info ] [ PARAM ] array (
  'kid' => '7',
)
[ info ] [ RUN ] app\index\controller\Spider->_apiGetTopInfo[ C:\phpstudy\WWW\spider5118\application\index\controller\Spider.php ]
[ info ] [ DB ] INIT mysql
[ info ] [ LOG ] INIT File
[ sql ] [ DB ] CONNECT:[ UseTime:0.000000s ] mysql:dbname=autouploads;host=127.0.0.1;port=3306;charset=utf8
[ sql ] [ SQL ] SHOW COLUMNS FROM `au_keywords` [ RunTime:0.000000s ]
[ sql ] [ SQL ] SELECT `keyword` FROM `au_keywords` WHERE  `id` = 7 LIMIT 1 [ RunTime:0.000000s ]
[ sql ] [ SQL ] UPDATE `au_keywords`  SET `upload_time`=1510476816  WHERE  `id` = 7 [ RunTime:0.000000s ]

---------------------------------------------------------------
[ 2017-11-12T16:54:59+08:00 ] 172.17.8.146 14.103.1.25 POST /index.php/index/spider/_apigettopinfo.html
[ log ] spider.yumishe88.com/index.php/index/spider/_apigettopinfo.html [运行时间：29.281250s][吞吐率：0.03req/s] [内存消耗：1,736.42kb] [文件加载：48]
[ info ] [ LANG ] C:\phpstudy\WWW\spider5118\thinkphp\lang\zh-cn.php
[ info ] [ ROUTE ] array (
  'type' => 'module',
  'module' => 
  array (
    0 => 'index',
    1 => 'spider',
    2 => '_apigettopinfo',
  ),
)
[ info ] [ HEADER ] array (
  'cookie' => 'ECS[visit_times]=1; BDTUJIAID=14a79d185ad1a8948f9d43bb38b8f348',
  'content-length' => '5',
  'referer' => 'https://spider.yumishe88.com/index.php/index/index/keywords',
  'connection' => 'keep-alive',
  'user-agent' => 'Mozilla/5.0 (iPhone; CPU iPhone OS 10_3_3 like Mac OS X) AppleWebKit/603.3.8 (KHTML, like Gecko) Mobile/14G60 MicroMessenger/6.5.19 NetType/WIFI Language/zh_CN',
  'origin' => 'https://spider.yumishe88.com',
  'content-type' => 'application/x-www-form-urlencoded; charset=UTF-8',
  'accept-encoding' => 'gzip, deflate',
  'accept-language' => 'zh-cn',
  'x-requested-with' => 'XMLHttpRequest',
  'accept' => 'application/json, text/javascript, */*; q=0.01',
  'host' => 'spider.yumishe88.com',
)
[ info ] [ PARAM ] array (
  'kid' => '7',
)
[ info ] [ RUN ] app\index\controller\Spider->_apiGetTopInfo[ C:\phpstudy\WWW\spider5118\application\index\controller\Spider.php ]
[ info ] [ DB ] INIT mysql
[ info ] [ LOG ] INIT File
[ sql ] [ DB ] CONNECT:[ UseTime:0.000000s ] mysql:dbname=autouploads;host=127.0.0.1;port=3306;charset=utf8
[ sql ] [ SQL ] SHOW COLUMNS FROM `au_keywords` [ RunTime:0.000000s ]
[ sql ] [ SQL ] SELECT `keyword` FROM `au_keywords` WHERE  `id` = 7 LIMIT 1 [ RunTime:0.000000s ]
[ sql ] [ SQL ] UPDATE `au_keywords`  SET `upload_time`=1510476870  WHERE  `id` = 7 [ RunTime:0.000000s ]

---------------------------------------------------------------
[ 2017-11-12T16:55:47+08:00 ] 172.17.8.146 14.103.1.25 POST /index.php/index/spider/_apigettopinfo.html
[ log ] spider.yumishe88.com/index.php/index/spider/_apigettopinfo.html [运行时间：29.281250s][吞吐率：0.03req/s] [内存消耗：1,736.42kb] [文件加载：48]
[ info ] [ LANG ] C:\phpstudy\WWW\spider5118\thinkphp\lang\zh-cn.php
[ info ] [ ROUTE ] array (
  'type' => 'module',
  'module' => 
  array (
    0 => 'index',
    1 => 'spider',
    2 => '_apigettopinfo',
  ),
)
[ info ] [ HEADER ] array (
  'cookie' => 'ECS[visit_times]=1; BDTUJIAID=14a79d185ad1a8948f9d43bb38b8f348',
  'content-length' => '5',
  'referer' => 'https://spider.yumishe88.com/index.php/index/index/keywords',
  'connection' => 'keep-alive',
  'user-agent' => 'Mozilla/5.0 (iPhone; CPU iPhone OS 10_3_3 like Mac OS X) AppleWebKit/603.3.8 (KHTML, like Gecko) Mobile/14G60 MicroMessenger/6.5.19 NetType/WIFI Language/zh_CN',
  'origin' => 'https://spider.yumishe88.com',
  'content-type' => 'application/x-www-form-urlencoded; charset=UTF-8',
  'accept-encoding' => 'gzip, deflate',
  'accept-language' => 'zh-cn',
  'x-requested-with' => 'XMLHttpRequest',
  'accept' => 'application/json, text/javascript, */*; q=0.01',
  'host' => 'spider.yumishe88.com',
)
[ info ] [ PARAM ] array (
  'kid' => '6',
)
[ info ] [ RUN ] app\index\controller\Spider->_apiGetTopInfo[ C:\phpstudy\WWW\spider5118\application\index\controller\Spider.php ]
[ info ] [ DB ] INIT mysql
[ info ] [ LOG ] INIT File
[ sql ] [ DB ] CONNECT:[ UseTime:0.015625s ] mysql:dbname=autouploads;host=127.0.0.1;port=3306;charset=utf8
[ sql ] [ SQL ] SHOW COLUMNS FROM `au_keywords` [ RunTime:0.000000s ]
[ sql ] [ SQL ] SELECT `keyword` FROM `au_keywords` WHERE  `id` = 6 LIMIT 1 [ RunTime:0.000000s ]
[ sql ] [ SQL ] UPDATE `au_keywords`  SET `upload_time`=1510476918  WHERE  `id` = 6 [ RunTime:0.000000s ]

---------------------------------------------------------------
[ 2017-11-12T16:56:17+08:00 ] 172.17.8.146 14.103.1.25 POST /index.php/index/index/keywords.html
[ log ] spider.yumishe88.com/index.php/index/index/keywords.html [运行时间：0.031250s][吞吐率：32.00req/s] [内存消耗：1,896.10kb] [文件加载：53]
[ info ] [ LANG ] C:\phpstudy\WWW\spider5118\thinkphp\lang\zh-cn.php
[ info ] [ ROUTE ] array (
  'type' => 'module',
  'module' => 
  array (
    0 => 'index',
    1 => 'index',
    2 => 'keywords',
  ),
)
[ info ] [ HEADER ] array (
  'accept-language' => 'zh-cn',
  'content-length' => '47',
  'referer' => 'https://spider.yumishe88.com/index.php/index/index/keywords',
  'user-agent' => 'Mozilla/5.0 (iPhone; CPU iPhone OS 10_3_3 like Mac OS X) AppleWebKit/603.3.8 (KHTML, like Gecko) Mobile/14G60 MicroMessenger/6.5.19 NetType/WIFI Language/zh_CN',
  'accept' => 'text/html,application/xhtml+xml,application/xml;q=0.9,*/*;q=0.8',
  'connection' => 'keep-alive',
  'cookie' => 'ECS[visit_times]=1; BDTUJIAID=14a79d185ad1a8948f9d43bb38b8f348',
  'accept-encoding' => 'gzip, deflate',
  'origin' => 'https://spider.yumishe88.com',
  'content-type' => 'application/x-www-form-urlencoded',
  'host' => 'spider.yumishe88.com',
)
[ info ] [ PARAM ] array (
  'businessType' => '17',
  'businessName' => '火锅',
)
[ info ] [ RUN ] app\index\controller\Index->keywords[ C:\phpstudy\WWW\spider5118\application\index\controller\Index.php ]
[ info ] [ DB ] INIT mysql
[ info ] [ VIEW ] C:\phpstudy\WWW\spider5118\thinkphp\tpl\dispatch_jump.tpl [ array (
  0 => 'code',
  1 => 'msg',
  2 => 'data',
  3 => 'url',
  4 => 'wait',
) ]
[ info ] [ LOG ] INIT File
[ sql ] [ DB ] CONNECT:[ UseTime:0.000000s ] mysql:dbname=autouploads;host=127.0.0.1;port=3306;charset=utf8
[ sql ] [ SQL ] SHOW COLUMNS FROM `au_keywords` [ RunTime:0.000000s ]
[ sql ] [ SQL ] INSERT INTO `au_keywords` (`bid` , `keyword` , `add_time`) VALUES (17 , '火锅' , 1510476977) [ RunTime:0.000000s ]

---------------------------------------------------------------
[ 2017-11-12T16:56:21+08:00 ] 172.17.8.146 14.103.1.25 GET /index.php/index/index/keywords
[ log ] spider.yumishe88.com/index.php/index/index/keywords [运行时间：0.031250s][吞吐率：32.00req/s] [内存消耗：2,037.59kb] [文件加载：56]
[ info ] [ LANG ] C:\phpstudy\WWW\spider5118\thinkphp\lang\zh-cn.php
[ info ] [ ROUTE ] array (
  'type' => 'module',
  'module' => 
  array (
    0 => 'index',
    1 => 'index',
    2 => 'keywords',
  ),
)
[ info ] [ HEADER ] array (
  'accept-encoding' => 'gzip, deflate',
  'referer' => 'https://spider.yumishe88.com/index.php/index/index/keywords.html',
  'accept-language' => 'zh-cn',
  'user-agent' => 'Mozilla/5.0 (iPhone; CPU iPhone OS 10_3_3 like Mac OS X) AppleWebKit/603.3.8 (KHTML, like Gecko) Mobile/14G60 MicroMessenger/6.5.19 NetType/WIFI Language/zh_CN',
  'cookie' => 'ECS[visit_times]=1; BDTUJIAID=14a79d185ad1a8948f9d43bb38b8f348',
  'connection' => 'keep-alive',
  'accept' => 'text/html,application/xhtml+xml,application/xml;q=0.9,*/*;q=0.8',
  'host' => 'spider.yumishe88.com',
  'content-length' => '',
  'content-type' => '',
)
[ info ] [ PARAM ] array (
)
[ info ] [ RUN ] app\index\controller\Index->keywords[ C:\phpstudy\WWW\spider5118\application\index\controller\Index.php ]
[ info ] [ DB ] INIT mysql
[ info ] [ VIEW ] C:\phpstudy\WWW\spider5118\public/../application/index\view\index\keywords.html [ array (
  0 => 'keywordsData',
  1 => 'page',
  2 => 'busTitle',
) ]
[ info ] [ LOG ] INIT File
[ sql ] [ DB ] CONNECT:[ UseTime:0.000000s ] mysql:dbname=autouploads;host=127.0.0.1;port=3306;charset=utf8
[ sql ] [ SQL ] SHOW COLUMNS FROM `au_business` [ RunTime:0.015625s ]
[ sql ] [ SQL ] SELECT `id`,`business_name` FROM `au_business` WHERE  `is_delete` = 0 [ RunTime:0.000000s ]
[ sql ] [ SQL ] SHOW COLUMNS FROM `au_keywords` [ RunTime:0.000000s ]
[ sql ] [ SQL ] SELECT COUNT(*) AS tp_count FROM `au_keywords` WHERE  `is_delete` = 0 LIMIT 1 [ RunTime:0.000000s ]
[ sql ] [ SQL ] SELECT `id`,`keyword`,`bid`,`add_time`,`select_state`,`upload_time` FROM `au_keywords` WHERE  `is_delete` = 0 LIMIT 0,10 [ RunTime:0.000000s ]
[ sql ] [ SQL ] SELECT `business_name` FROM `au_business` WHERE  `id` = 17 LIMIT 1 [ RunTime:0.000000s ]
[ sql ] [ SQL ] SELECT `business_name` FROM `au_business` WHERE  `id` = 18 LIMIT 1 [ RunTime:0.000000s ]
[ sql ] [ SQL ] SELECT `business_name` FROM `au_business` WHERE  `id` = 20 LIMIT 1 [ RunTime:0.000000s ]
[ sql ] [ SQL ] SELECT `business_name` FROM `au_business` WHERE  `id` = 16 LIMIT 1 [ RunTime:0.000000s ]
[ sql ] [ SQL ] SELECT `business_name` FROM `au_business` WHERE  `id` = 17 LIMIT 1 [ RunTime:0.000000s ]

---------------------------------------------------------------
[ 2017-11-12T16:59:27+08:00 ] 172.17.8.146 14.103.1.25 GET /
[ log ] spider.yumishe88.com/ [运行时间：0.015625s][吞吐率：64.00req/s] [内存消耗：1,330.10kb] [文件加载：45]
[ info ] [ LANG ] C:\phpstudy\WWW\spider5118\thinkphp\lang\zh-cn.php
[ info ] [ ROUTE ] array (
  'type' => 'module',
  'module' => 
  array (
    0 => '',
    1 => NULL,
    2 => NULL,
  ),
)
[ info ] [ HEADER ] array (
  'cookie' => 'Hm_lvt_0b4f63ebb845b713c188d2d41593beda=1509033779,1509630458,1509801165; Hm_lvt_6925839509ea52f924e410725015f7b4=1509033779,1509630458,1509801165',
  'accept-language' => 'zh-CN,zh;q=0.8',
  'accept-encoding' => 'gzip, deflate, br',
  'accept' => 'text/html,application/xhtml+xml,application/xml;q=0.9,image/webp,image/apng,*/*;q=0.8',
  'user-agent' => 'Mozilla/5.0 (Windows NT 6.1; Win64; x64) AppleWebKit/537.36 (KHTML, like Gecko) Chrome/60.0.3112.90 Safari/537.36',
  'upgrade-insecure-requests' => '1',
  'connection' => 'keep-alive',
  'host' => 'spider.yumishe88.com',
  'content-length' => '',
  'content-type' => '',
)
[ info ] [ PARAM ] array (
)
[ info ] [ RUN ] app\index\controller\Index->index[ C:\phpstudy\WWW\spider5118\application\index\controller\Index.php ]
[ info ] [ VIEW ] C:\phpstudy\WWW\spider5118\public/../application/index\view\index\index.html [ array (
) ]
[ info ] [ LOG ] INIT File

---------------------------------------------------------------
[ 2017-11-12T16:59:31+08:00 ] 172.17.8.146 14.103.1.25 GET /index.php/index/index/keywords
[ log ] spider.yumishe88.com/index.php/index/index/keywords [运行时间：0.031250s][吞吐率：32.00req/s] [内存消耗：2,037.80kb] [文件加载：56]
[ info ] [ LANG ] C:\phpstudy\WWW\spider5118\thinkphp\lang\zh-cn.php
[ info ] [ ROUTE ] array (
  'type' => 'module',
  'module' => 
  array (
    0 => 'index',
    1 => 'index',
    2 => 'keywords',
  ),
)
[ info ] [ HEADER ] array (
  'cookie' => 'Hm_lvt_0b4f63ebb845b713c188d2d41593beda=1509033779,1509630458,1509801165; Hm_lvt_6925839509ea52f924e410725015f7b4=1509033779,1509630458,1509801165',
  'accept-language' => 'zh-CN,zh;q=0.8',
  'accept-encoding' => 'gzip, deflate, br',
  'referer' => 'https://spider.yumishe88.com/',
  'accept' => 'text/html,application/xhtml+xml,application/xml;q=0.9,image/webp,image/apng,*/*;q=0.8',
  'user-agent' => 'Mozilla/5.0 (Windows NT 6.1; Win64; x64) AppleWebKit/537.36 (KHTML, like Gecko) Chrome/60.0.3112.90 Safari/537.36',
  'upgrade-insecure-requests' => '1',
  'connection' => 'keep-alive',
  'host' => 'spider.yumishe88.com',
  'content-length' => '',
  'content-type' => '',
)
[ info ] [ PARAM ] array (
)
[ info ] [ RUN ] app\index\controller\Index->keywords[ C:\phpstudy\WWW\spider5118\application\index\controller\Index.php ]
[ info ] [ DB ] INIT mysql
[ info ] [ VIEW ] C:\phpstudy\WWW\spider5118\public/../application/index\view\index\keywords.html [ array (
  0 => 'keywordsData',
  1 => 'page',
  2 => 'busTitle',
) ]
[ info ] [ LOG ] INIT File
[ sql ] [ DB ] CONNECT:[ UseTime:0.000000s ] mysql:dbname=autouploads;host=127.0.0.1;port=3306;charset=utf8
[ sql ] [ SQL ] SHOW COLUMNS FROM `au_business` [ RunTime:0.000000s ]
[ sql ] [ SQL ] SELECT `id`,`business_name` FROM `au_business` WHERE  `is_delete` = 0 [ RunTime:0.000000s ]
[ sql ] [ SQL ] SHOW COLUMNS FROM `au_keywords` [ RunTime:0.015625s ]
[ sql ] [ SQL ] SELECT COUNT(*) AS tp_count FROM `au_keywords` WHERE  `is_delete` = 0 LIMIT 1 [ RunTime:0.000000s ]
[ sql ] [ SQL ] SELECT `id`,`keyword`,`bid`,`add_time`,`select_state`,`upload_time` FROM `au_keywords` WHERE  `is_delete` = 0 LIMIT 0,10 [ RunTime:0.000000s ]
[ sql ] [ SQL ] SELECT `business_name` FROM `au_business` WHERE  `id` = 17 LIMIT 1 [ RunTime:0.000000s ]
[ sql ] [ SQL ] SELECT `business_name` FROM `au_business` WHERE  `id` = 18 LIMIT 1 [ RunTime:0.000000s ]
[ sql ] [ SQL ] SELECT `business_name` FROM `au_business` WHERE  `id` = 20 LIMIT 1 [ RunTime:0.000000s ]
[ sql ] [ SQL ] SELECT `business_name` FROM `au_business` WHERE  `id` = 16 LIMIT 1 [ RunTime:0.000000s ]
[ sql ] [ SQL ] SELECT `business_name` FROM `au_business` WHERE  `id` = 17 LIMIT 1 [ RunTime:0.000000s ]

---------------------------------------------------------------
[ 2017-11-12T17:00:04+08:00 ] 172.17.8.146 14.103.1.25 POST /index.php/index/spider/_apigettopinfo.html
[ log ] spider.yumishe88.com/index.php/index/spider/_apigettopinfo.html [运行时间：29.328125s][吞吐率：0.03req/s] [内存消耗：1,736.59kb] [文件加载：48]
[ info ] [ LANG ] C:\phpstudy\WWW\spider5118\thinkphp\lang\zh-cn.php
[ info ] [ ROUTE ] array (
  'type' => 'module',
  'module' => 
  array (
    0 => 'index',
    1 => 'spider',
    2 => '_apigettopinfo',
  ),
)
[ info ] [ HEADER ] array (
  'cookie' => 'Hm_lvt_0b4f63ebb845b713c188d2d41593beda=1509033779,1509630458,1509801165; Hm_lvt_6925839509ea52f924e410725015f7b4=1509033779,1509630458,1509801165',
  'accept-language' => 'zh-CN,zh;q=0.8',
  'accept-encoding' => 'gzip, deflate, br',
  'referer' => 'https://spider.yumishe88.com/index.php/index/index/keywords',
  'content-type' => 'application/x-www-form-urlencoded; charset=UTF-8',
  'user-agent' => 'Mozilla/5.0 (Windows NT 6.1; Win64; x64) AppleWebKit/537.36 (KHTML, like Gecko) Chrome/60.0.3112.90 Safari/537.36',
  'x-requested-with' => 'XMLHttpRequest',
  'origin' => 'https://spider.yumishe88.com',
  'accept' => 'application/json, text/javascript, */*; q=0.01',
  'content-length' => '6',
  'connection' => 'keep-alive',
  'host' => 'spider.yumishe88.com',
)
[ info ] [ PARAM ] array (
  'kid' => '10',
)
[ info ] [ RUN ] app\index\controller\Spider->_apiGetTopInfo[ C:\phpstudy\WWW\spider5118\application\index\controller\Spider.php ]
[ info ] [ DB ] INIT mysql
[ info ] [ LOG ] INIT File
[ sql ] [ DB ] CONNECT:[ UseTime:0.000000s ] mysql:dbname=autouploads;host=127.0.0.1;port=3306;charset=utf8
[ sql ] [ SQL ] SHOW COLUMNS FROM `au_keywords` [ RunTime:0.000000s ]
[ sql ] [ SQL ] SELECT `keyword` FROM `au_keywords` WHERE  `id` = 10 LIMIT 1 [ RunTime:0.015625s ]
[ sql ] [ SQL ] UPDATE `au_keywords`  SET `upload_time`=1510477174  WHERE  `id` = 10 [ RunTime:0.000000s ]

---------------------------------------------------------------
