[ 2017-11-15T19:18:17+08:00 ] 172.17.8.146 116.7.98.45 POST /index.php/index/Wxspider/_apiGetPublicArticle
[ log ] spider.yumishe88.com/index.php/index/Wxspider/_apiGetPublicArticle [运行时间：0.031250s][吞吐率：32.00req/s] [内存消耗：1,973.95kb] [文件加载：51]
[ info ] [ LANG ] C:\phpstudy\WWW\spider5118\thinkphp\lang\zh-cn.php
[ info ] [ ROUTE ] array (
  'type' => 'module',
  'module' => 
  array (
    0 => 'index',
    1 => 'Wxspider',
    2 => '_apiGetPublicArticle',
  ),
)
[ info ] [ HEADER ] array (
  'connection' => 'Keep-Alive',
  'host' => 'spider.yumishe88.com',
  'content-length' => '0',
  'user-agent' => 'Mozilla/5.0 (Linux; Android 6.0.1; HUAWEI RIO-TL00 Build/HuaweiRIO-TL00; wv) AppleWebKit/537.36 (KHTML, like Gecko) Version/4.0 Chrome/53.0.2785.49 Mobile MQQBrowser/6.2 TBS/043622 Safari/537.36 MicroMessenger/6.5.19.1140 NetType/WIFI Language/zh_CN MicroMessenger/6.5.19.1140 NetType/WIFI Language/zh_CN',
  'content-type' => 'application/x-www-form-urlencoded',
  'referer' => 'https://servicewechat.com/wx194844c76a6279c0/0/page-frame.html',
  'accept-encoding' => 'gzip',
  'charset' => 'utf-8',
)
[ info ] [ PARAM ] array (
)
[ info ] [ RUN ] app\index\controller\Wxspider->_apiGetPublicArticle[ C:\phpstudy\WWW\spider5118\application\index\controller\Wxspider.php ]
[ info ] [ DB ] INIT mysql
[ info ] [ LOG ] INIT File
[ sql ] [ DB ] CONNECT:[ UseTime:0.000000s ] mysql:dbname=autouploads;host=127.0.0.1;port=3306;charset=utf8
[ sql ] [ SQL ] SHOW COLUMNS FROM `au_public_article` [ RunTime:0.000000s ]
[ sql ] [ SQL ] SELECT * FROM `au_public_article` WHERE  `is_delete` = 0  AND `level` = 1 ORDER BY id asc [ RunTime:0.000000s ]
[ sql ] [ SQL ] SELECT * FROM `au_public_article` WHERE  `is_delete` = 0  AND `level` = 2 ORDER BY id asc [ RunTime:0.000000s ]

---------------------------------------------------------------
[ 2017-11-15T19:18:24+08:00 ] 172.17.8.146 116.7.98.45 GET /index.php/index/Wxspider/_apiGetArticleDetails?id=30
[ log ] spider.yumishe88.com/index.php/index/Wxspider/_apiGetArticleDetails?id=30 [运行时间：1.171875s][吞吐率：0.85req/s] [内存消耗：1,992.54kb] [文件加载：51]
[ info ] [ LANG ] C:\phpstudy\WWW\spider5118\thinkphp\lang\zh-cn.php
[ info ] [ ROUTE ] array (
  'type' => 'module',
  'module' => 
  array (
    0 => 'index',
    1 => 'Wxspider',
    2 => '_apiGetArticleDetails',
  ),
)
[ info ] [ HEADER ] array (
  'cookie' => 'Hm_lvt_0b4f63ebb845b713c188d2d41593beda=1508832850; Hm_lpvt_0b4f63ebb845b713c188d2d41593beda=1509681797; Hm_lvt_6925839509ea52f924e410725015f7b4=1508832850; Hm_lpvt_6925839509ea52f924e410725015f7b4=1509681797; BDTUJIAID=5de7dbefa275b3050cada04dd783b5aa',
  'accept-language' => 'zh-CN,en-US;q=0.8',
  'accept-encoding' => 'gzip, deflate',
  'accept' => 'text/html,application/xhtml+xml,application/xml;q=0.9,image/webp,image/wxpic,image/sharpp,*/*;q=0.8',
  'user-agent' => 'Mozilla/5.0 (Linux; Android 6.0.1; HUAWEI RIO-TL00 Build/HuaweiRIO-TL00; wv) AppleWebKit/537.36 (KHTML, like Gecko) Version/4.0 Chrome/53.0.2785.49 Mobile MQQBrowser/6.2 TBS/043622 Safari/537.36 MicroMessenger/6.5.19.1140 NetType/WIFI Language/zh_CN MicroMessenger/6.5.19.1140 NetType/WIFI Language/zh_CN',
  'upgrade-insecure-requests' => '1',
  'connection' => 'keep-alive',
  'host' => 'spider.yumishe88.com',
  'content-length' => '',
  'content-type' => '',
)
[ info ] [ PARAM ] array (
  'id' => '30',
)
[ info ] [ RUN ] app\index\controller\Wxspider->_apiGetArticleDetails[ C:\phpstudy\WWW\spider5118\application\index\controller\Wxspider.php ]
[ info ] [ DB ] INIT mysql
[ info ] [ LOG ] INIT File
[ sql ] [ DB ] CONNECT:[ UseTime:0.000000s ] mysql:dbname=autouploads;host=127.0.0.1;port=3306;charset=utf8
[ sql ] [ SQL ] SHOW COLUMNS FROM `au_public_article` [ RunTime:0.000000s ]
[ sql ] [ SQL ] SELECT `details_page` FROM `au_public_article` WHERE  `id` = 30 LIMIT 1 [ RunTime:0.000000s ]

---------------------------------------------------------------
[ 2017-11-15T19:18:47+08:00 ] 172.17.8.146 116.7.98.45 GET /index.php/index/Wxspider/_apiGetArticleDetails?id=28
[ log ] spider.yumishe88.com/index.php/index/Wxspider/_apiGetArticleDetails?id=28 [运行时间：0.062500s][吞吐率：16.00req/s] [内存消耗：1,968.52kb] [文件加载：51]
[ info ] [ LANG ] C:\phpstudy\WWW\spider5118\thinkphp\lang\zh-cn.php
[ info ] [ ROUTE ] array (
  'type' => 'module',
  'module' => 
  array (
    0 => 'index',
    1 => 'Wxspider',
    2 => '_apiGetArticleDetails',
  ),
)
[ info ] [ HEADER ] array (
  'cookie' => 'Hm_lvt_0b4f63ebb845b713c188d2d41593beda=1508832850; Hm_lpvt_0b4f63ebb845b713c188d2d41593beda=1509681797; Hm_lvt_6925839509ea52f924e410725015f7b4=1508832850; Hm_lpvt_6925839509ea52f924e410725015f7b4=1509681797; BDTUJIAID=5de7dbefa275b3050cada04dd783b5aa',
  'accept-language' => 'zh-CN,en-US;q=0.8',
  'accept-encoding' => 'gzip, deflate',
  'accept' => 'text/html,application/xhtml+xml,application/xml;q=0.9,image/webp,image/wxpic,image/sharpp,*/*;q=0.8',
  'user-agent' => 'Mozilla/5.0 (Linux; Android 6.0.1; HUAWEI RIO-TL00 Build/HuaweiRIO-TL00; wv) AppleWebKit/537.36 (KHTML, like Gecko) Version/4.0 Chrome/53.0.2785.49 Mobile MQQBrowser/6.2 TBS/043622 Safari/537.36 MicroMessenger/6.5.19.1140 NetType/WIFI Language/zh_CN MicroMessenger/6.5.19.1140 NetType/WIFI Language/zh_CN',
  'upgrade-insecure-requests' => '1',
  'connection' => 'keep-alive',
  'host' => 'spider.yumishe88.com',
  'content-length' => '',
  'content-type' => '',
)
[ info ] [ PARAM ] array (
  'id' => '28',
)
[ info ] [ RUN ] app\index\controller\Wxspider->_apiGetArticleDetails[ C:\phpstudy\WWW\spider5118\application\index\controller\Wxspider.php ]
[ info ] [ DB ] INIT mysql
[ info ] [ LOG ] INIT File
[ sql ] [ DB ] CONNECT:[ UseTime:0.015625s ] mysql:dbname=autouploads;host=127.0.0.1;port=3306;charset=utf8
[ sql ] [ SQL ] SHOW COLUMNS FROM `au_public_article` [ RunTime:0.000000s ]
[ sql ] [ SQL ] SELECT `details_page` FROM `au_public_article` WHERE  `id` = 28 LIMIT 1 [ RunTime:0.000000s ]

---------------------------------------------------------------
[ 2017-11-15T19:19:02+08:00 ] 172.17.8.146 116.7.98.45 GET /index.php/index/Wxspider/_apiGetArticleDetails?id=29
[ log ] spider.yumishe88.com/index.php/index/Wxspider/_apiGetArticleDetails?id=29 [运行时间：1.968750s][吞吐率：0.51req/s] [内存消耗：1,992.52kb] [文件加载：51]
[ info ] [ LANG ] C:\phpstudy\WWW\spider5118\thinkphp\lang\zh-cn.php
[ info ] [ ROUTE ] array (
  'type' => 'module',
  'module' => 
  array (
    0 => 'index',
    1 => 'Wxspider',
    2 => '_apiGetArticleDetails',
  ),
)
[ info ] [ HEADER ] array (
  'cookie' => 'Hm_lvt_0b4f63ebb845b713c188d2d41593beda=1508832850; Hm_lpvt_0b4f63ebb845b713c188d2d41593beda=1509681797; Hm_lvt_6925839509ea52f924e410725015f7b4=1508832850; Hm_lpvt_6925839509ea52f924e410725015f7b4=1509681797; BDTUJIAID=5de7dbefa275b3050cada04dd783b5aa',
  'accept-language' => 'zh-CN,en-US;q=0.8',
  'accept-encoding' => 'gzip, deflate',
  'accept' => 'text/html,application/xhtml+xml,application/xml;q=0.9,image/webp,image/wxpic,image/sharpp,*/*;q=0.8',
  'user-agent' => 'Mozilla/5.0 (Linux; Android 6.0.1; HUAWEI RIO-TL00 Build/HuaweiRIO-TL00; wv) AppleWebKit/537.36 (KHTML, like Gecko) Version/4.0 Chrome/53.0.2785.49 Mobile MQQBrowser/6.2 TBS/043622 Safari/537.36 MicroMessenger/6.5.19.1140 NetType/WIFI Language/zh_CN MicroMessenger/6.5.19.1140 NetType/WIFI Language/zh_CN',
  'upgrade-insecure-requests' => '1',
  'connection' => 'keep-alive',
  'host' => 'spider.yumishe88.com',
  'content-length' => '',
  'content-type' => '',
)
[ info ] [ PARAM ] array (
  'id' => '29',
)
[ info ] [ RUN ] app\index\controller\Wxspider->_apiGetArticleDetails[ C:\phpstudy\WWW\spider5118\application\index\controller\Wxspider.php ]
[ info ] [ DB ] INIT mysql
[ info ] [ LOG ] INIT File
[ sql ] [ DB ] CONNECT:[ UseTime:0.000000s ] mysql:dbname=autouploads;host=127.0.0.1;port=3306;charset=utf8
[ sql ] [ SQL ] SHOW COLUMNS FROM `au_public_article` [ RunTime:0.000000s ]
[ sql ] [ SQL ] SELECT `details_page` FROM `au_public_article` WHERE  `id` = 29 LIMIT 1 [ RunTime:0.000000s ]

---------------------------------------------------------------
[ 2017-11-15T19:20:30+08:00 ] 172.17.8.146 116.7.98.45 GET /index.php/index/Wxspider/_apiGetArticleDetails?id=32
[ log ] spider.yumishe88.com/index.php/index/Wxspider/_apiGetArticleDetails?id=32 [运行时间：1.343750s][吞吐率：0.74req/s] [内存消耗：1,984.52kb] [文件加载：51]
[ info ] [ LANG ] C:\phpstudy\WWW\spider5118\thinkphp\lang\zh-cn.php
[ info ] [ ROUTE ] array (
  'type' => 'module',
  'module' => 
  array (
    0 => 'index',
    1 => 'Wxspider',
    2 => '_apiGetArticleDetails',
  ),
)
[ info ] [ HEADER ] array (
  'cookie' => 'Hm_lvt_0b4f63ebb845b713c188d2d41593beda=1508832850; Hm_lpvt_0b4f63ebb845b713c188d2d41593beda=1509681797; Hm_lvt_6925839509ea52f924e410725015f7b4=1508832850; Hm_lpvt_6925839509ea52f924e410725015f7b4=1509681797; BDTUJIAID=5de7dbefa275b3050cada04dd783b5aa',
  'accept-language' => 'zh-CN,en-US;q=0.8',
  'accept-encoding' => 'gzip, deflate',
  'accept' => 'text/html,application/xhtml+xml,application/xml;q=0.9,image/webp,image/wxpic,image/sharpp,*/*;q=0.8',
  'user-agent' => 'Mozilla/5.0 (Linux; Android 6.0.1; HUAWEI RIO-TL00 Build/HuaweiRIO-TL00; wv) AppleWebKit/537.36 (KHTML, like Gecko) Version/4.0 Chrome/53.0.2785.49 Mobile MQQBrowser/6.2 TBS/043622 Safari/537.36 MicroMessenger/6.5.19.1140 NetType/WIFI Language/zh_CN MicroMessenger/6.5.19.1140 NetType/WIFI Language/zh_CN',
  'upgrade-insecure-requests' => '1',
  'connection' => 'keep-alive',
  'host' => 'spider.yumishe88.com',
  'content-length' => '',
  'content-type' => '',
)
[ info ] [ PARAM ] array (
  'id' => '32',
)
[ info ] [ RUN ] app\index\controller\Wxspider->_apiGetArticleDetails[ C:\phpstudy\WWW\spider5118\application\index\controller\Wxspider.php ]
[ info ] [ DB ] INIT mysql
[ info ] [ LOG ] INIT File
[ sql ] [ DB ] CONNECT:[ UseTime:0.000000s ] mysql:dbname=autouploads;host=127.0.0.1;port=3306;charset=utf8
[ sql ] [ SQL ] SHOW COLUMNS FROM `au_public_article` [ RunTime:0.000000s ]
[ sql ] [ SQL ] SELECT `details_page` FROM `au_public_article` WHERE  `id` = 32 LIMIT 1 [ RunTime:0.000000s ]

---------------------------------------------------------------
[ 2017-11-15T20:03:27+08:00 ] 172.17.8.146 211.149.239.60 GET /index.php/index/Wxspider/_autoSpiderWxArticle
[ log ] spider.yumishe88.com/index.php/index/Wxspider/_autoSpiderWxArticle [运行时间：0.062500s][吞吐率：16.00req/s] [内存消耗：1,968.89kb] [文件加载：51]
[ info ] [ LANG ] C:\phpstudy\WWW\spider5118\thinkphp\lang\zh-cn.php
[ info ] [ ROUTE ] array (
  'type' => 'module',
  'module' => 
  array (
    0 => 'index',
    1 => 'Wxspider',
    2 => '_autoSpiderWxArticle',
  ),
)
[ info ] [ HEADER ] array (
  'accept' => '*/*',
  'host' => 'spider.yumishe88.com',
  'user-agent' => 'curl/7.29.0',
  'content-length' => '',
  'content-type' => '',
)
[ info ] [ PARAM ] array (
)
[ info ] [ RUN ] app\index\controller\Wxspider->_autoSpiderWxArticle[ C:\phpstudy\WWW\spider5118\application\index\controller\Wxspider.php ]
[ info ] [ DB ] INIT mysql
[ info ] [ LOG ] INIT File
[ sql ] [ DB ] CONNECT:[ UseTime:0.000000s ] mysql:dbname=autouploads;host=127.0.0.1;port=3306;charset=utf8
[ sql ] [ SQL ] SHOW COLUMNS FROM `au_public_article` [ RunTime:0.000000s ]
[ sql ] [ SQL ] SELECT COUNT(*) AS tp_count FROM `au_public_article` WHERE  `details_page` = 'http://www.gzhshoulu.wang/article/1048699'  AND `is_delete` = 0 LIMIT 1 [ RunTime:0.000000s ]
[ sql ] [ SQL ] SELECT COUNT(*) AS tp_count FROM `au_public_article` WHERE  `details_page` = 'http://www.gzhshoulu.wang/article/996985'  AND `is_delete` = 0 LIMIT 1 [ RunTime:0.000000s ]
[ sql ] [ SQL ] SELECT COUNT(*) AS tp_count FROM `au_public_article` WHERE  `details_page` = 'http://www.gzhshoulu.wang/article/996097'  AND `is_delete` = 0 LIMIT 1 [ RunTime:0.000000s ]
[ sql ] [ SQL ] SELECT COUNT(*) AS tp_count FROM `au_public_article` WHERE  `details_page` = 'http://www.gzhshoulu.wang/article/996103'  AND `is_delete` = 0 LIMIT 1 [ RunTime:0.000000s ]
[ sql ] [ SQL ] SELECT COUNT(*) AS tp_count FROM `au_public_article` WHERE  `details_page` = 'http://www.gzhshoulu.wang/article/996102'  AND `is_delete` = 0 LIMIT 1 [ RunTime:0.000000s ]
[ sql ] [ SQL ] SELECT COUNT(*) AS tp_count FROM `au_public_article` WHERE  `details_page` = 'http://www.gzhshoulu.wang/article/996101'  AND `is_delete` = 0 LIMIT 1 [ RunTime:0.000000s ]
[ sql ] [ SQL ] SELECT COUNT(*) AS tp_count FROM `au_public_article` WHERE  `details_page` = 'http://www.gzhshoulu.wang/article/996100'  AND `is_delete` = 0 LIMIT 1 [ RunTime:0.000000s ]
[ sql ] [ SQL ] SELECT COUNT(*) AS tp_count FROM `au_public_article` WHERE  `details_page` = 'http://www.gzhshoulu.wang/article/996099'  AND `is_delete` = 0 LIMIT 1 [ RunTime:0.000000s ]
[ sql ] [ SQL ] SELECT COUNT(*) AS tp_count FROM `au_public_article` WHERE  `details_page` = 'http://www.gzhshoulu.wang/article/996098'  AND `is_delete` = 0 LIMIT 1 [ RunTime:0.000000s ]

---------------------------------------------------------------
[ 2017-11-15T21:03:27+08:00 ] 172.17.8.146 211.149.239.60 GET /index.php/index/Wxspider/_autoSpiderWxArticle
[ log ] spider.yumishe88.com/index.php/index/Wxspider/_autoSpiderWxArticle [运行时间：0.078125s][吞吐率：12.80req/s] [内存消耗：1,968.89kb] [文件加载：51]
[ info ] [ LANG ] C:\phpstudy\WWW\spider5118\thinkphp\lang\zh-cn.php
[ info ] [ ROUTE ] array (
  'type' => 'module',
  'module' => 
  array (
    0 => 'index',
    1 => 'Wxspider',
    2 => '_autoSpiderWxArticle',
  ),
)
[ info ] [ HEADER ] array (
  'accept' => '*/*',
  'host' => 'spider.yumishe88.com',
  'user-agent' => 'curl/7.29.0',
  'content-length' => '',
  'content-type' => '',
)
[ info ] [ PARAM ] array (
)
[ info ] [ RUN ] app\index\controller\Wxspider->_autoSpiderWxArticle[ C:\phpstudy\WWW\spider5118\application\index\controller\Wxspider.php ]
[ info ] [ DB ] INIT mysql
[ info ] [ LOG ] INIT File
[ sql ] [ DB ] CONNECT:[ UseTime:0.000000s ] mysql:dbname=autouploads;host=127.0.0.1;port=3306;charset=utf8
[ sql ] [ SQL ] SHOW COLUMNS FROM `au_public_article` [ RunTime:0.000000s ]
[ sql ] [ SQL ] SELECT COUNT(*) AS tp_count FROM `au_public_article` WHERE  `details_page` = 'http://www.gzhshoulu.wang/article/1048699'  AND `is_delete` = 0 LIMIT 1 [ RunTime:0.000000s ]
[ sql ] [ SQL ] SELECT COUNT(*) AS tp_count FROM `au_public_article` WHERE  `details_page` = 'http://www.gzhshoulu.wang/article/996985'  AND `is_delete` = 0 LIMIT 1 [ RunTime:0.000000s ]
[ sql ] [ SQL ] SELECT COUNT(*) AS tp_count FROM `au_public_article` WHERE  `details_page` = 'http://www.gzhshoulu.wang/article/996097'  AND `is_delete` = 0 LIMIT 1 [ RunTime:0.000000s ]
[ sql ] [ SQL ] SELECT COUNT(*) AS tp_count FROM `au_public_article` WHERE  `details_page` = 'http://www.gzhshoulu.wang/article/996103'  AND `is_delete` = 0 LIMIT 1 [ RunTime:0.000000s ]
[ sql ] [ SQL ] SELECT COUNT(*) AS tp_count FROM `au_public_article` WHERE  `details_page` = 'http://www.gzhshoulu.wang/article/996102'  AND `is_delete` = 0 LIMIT 1 [ RunTime:0.000000s ]
[ sql ] [ SQL ] SELECT COUNT(*) AS tp_count FROM `au_public_article` WHERE  `details_page` = 'http://www.gzhshoulu.wang/article/996101'  AND `is_delete` = 0 LIMIT 1 [ RunTime:0.000000s ]
[ sql ] [ SQL ] SELECT COUNT(*) AS tp_count FROM `au_public_article` WHERE  `details_page` = 'http://www.gzhshoulu.wang/article/996100'  AND `is_delete` = 0 LIMIT 1 [ RunTime:0.000000s ]
[ sql ] [ SQL ] SELECT COUNT(*) AS tp_count FROM `au_public_article` WHERE  `details_page` = 'http://www.gzhshoulu.wang/article/996099'  AND `is_delete` = 0 LIMIT 1 [ RunTime:0.000000s ]
[ sql ] [ SQL ] SELECT COUNT(*) AS tp_count FROM `au_public_article` WHERE  `details_page` = 'http://www.gzhshoulu.wang/article/996098'  AND `is_delete` = 0 LIMIT 1 [ RunTime:0.000000s ]

---------------------------------------------------------------
[ 2017-11-15T22:03:27+08:00 ] 172.17.8.146 211.149.239.60 GET /index.php/index/Wxspider/_autoSpiderWxArticle
[ log ] spider.yumishe88.com/index.php/index/Wxspider/_autoSpiderWxArticle [运行时间：0.078125s][吞吐率：12.80req/s] [内存消耗：1,968.89kb] [文件加载：51]
[ info ] [ LANG ] C:\phpstudy\WWW\spider5118\thinkphp\lang\zh-cn.php
[ info ] [ ROUTE ] array (
  'type' => 'module',
  'module' => 
  array (
    0 => 'index',
    1 => 'Wxspider',
    2 => '_autoSpiderWxArticle',
  ),
)
[ info ] [ HEADER ] array (
  'accept' => '*/*',
  'host' => 'spider.yumishe88.com',
  'user-agent' => 'curl/7.29.0',
  'content-length' => '',
  'content-type' => '',
)
[ info ] [ PARAM ] array (
)
[ info ] [ RUN ] app\index\controller\Wxspider->_autoSpiderWxArticle[ C:\phpstudy\WWW\spider5118\application\index\controller\Wxspider.php ]
[ info ] [ DB ] INIT mysql
[ info ] [ LOG ] INIT File
[ sql ] [ DB ] CONNECT:[ UseTime:0.000000s ] mysql:dbname=autouploads;host=127.0.0.1;port=3306;charset=utf8
[ sql ] [ SQL ] SHOW COLUMNS FROM `au_public_article` [ RunTime:0.000000s ]
[ sql ] [ SQL ] SELECT COUNT(*) AS tp_count FROM `au_public_article` WHERE  `details_page` = 'http://www.gzhshoulu.wang/article/1048699'  AND `is_delete` = 0 LIMIT 1 [ RunTime:0.000000s ]
[ sql ] [ SQL ] SELECT COUNT(*) AS tp_count FROM `au_public_article` WHERE  `details_page` = 'http://www.gzhshoulu.wang/article/996985'  AND `is_delete` = 0 LIMIT 1 [ RunTime:0.000000s ]
[ sql ] [ SQL ] SELECT COUNT(*) AS tp_count FROM `au_public_article` WHERE  `details_page` = 'http://www.gzhshoulu.wang/article/996097'  AND `is_delete` = 0 LIMIT 1 [ RunTime:0.000000s ]
[ sql ] [ SQL ] SELECT COUNT(*) AS tp_count FROM `au_public_article` WHERE  `details_page` = 'http://www.gzhshoulu.wang/article/996103'  AND `is_delete` = 0 LIMIT 1 [ RunTime:0.000000s ]
[ sql ] [ SQL ] SELECT COUNT(*) AS tp_count FROM `au_public_article` WHERE  `details_page` = 'http://www.gzhshoulu.wang/article/996102'  AND `is_delete` = 0 LIMIT 1 [ RunTime:0.000000s ]
[ sql ] [ SQL ] SELECT COUNT(*) AS tp_count FROM `au_public_article` WHERE  `details_page` = 'http://www.gzhshoulu.wang/article/996101'  AND `is_delete` = 0 LIMIT 1 [ RunTime:0.000000s ]
[ sql ] [ SQL ] SELECT COUNT(*) AS tp_count FROM `au_public_article` WHERE  `details_page` = 'http://www.gzhshoulu.wang/article/996100'  AND `is_delete` = 0 LIMIT 1 [ RunTime:0.000000s ]
[ sql ] [ SQL ] SELECT COUNT(*) AS tp_count FROM `au_public_article` WHERE  `details_page` = 'http://www.gzhshoulu.wang/article/996099'  AND `is_delete` = 0 LIMIT 1 [ RunTime:0.000000s ]
[ sql ] [ SQL ] SELECT COUNT(*) AS tp_count FROM `au_public_article` WHERE  `details_page` = 'http://www.gzhshoulu.wang/article/996098'  AND `is_delete` = 0 LIMIT 1 [ RunTime:0.000000s ]

---------------------------------------------------------------
[ 2017-11-15T23:03:27+08:00 ] 172.17.8.146 211.149.239.60 GET /index.php/index/Wxspider/_autoSpiderWxArticle
[ log ] spider.yumishe88.com/index.php/index/Wxspider/_autoSpiderWxArticle [运行时间：0.078125s][吞吐率：12.80req/s] [内存消耗：1,968.89kb] [文件加载：51]
[ info ] [ LANG ] C:\phpstudy\WWW\spider5118\thinkphp\lang\zh-cn.php
[ info ] [ ROUTE ] array (
  'type' => 'module',
  'module' => 
  array (
    0 => 'index',
    1 => 'Wxspider',
    2 => '_autoSpiderWxArticle',
  ),
)
[ info ] [ HEADER ] array (
  'accept' => '*/*',
  'host' => 'spider.yumishe88.com',
  'user-agent' => 'curl/7.29.0',
  'content-length' => '',
  'content-type' => '',
)
[ info ] [ PARAM ] array (
)
[ info ] [ RUN ] app\index\controller\Wxspider->_autoSpiderWxArticle[ C:\phpstudy\WWW\spider5118\application\index\controller\Wxspider.php ]
[ info ] [ DB ] INIT mysql
[ info ] [ LOG ] INIT File
[ sql ] [ DB ] CONNECT:[ UseTime:0.000000s ] mysql:dbname=autouploads;host=127.0.0.1;port=3306;charset=utf8
[ sql ] [ SQL ] SHOW COLUMNS FROM `au_public_article` [ RunTime:0.015625s ]
[ sql ] [ SQL ] SELECT COUNT(*) AS tp_count FROM `au_public_article` WHERE  `details_page` = 'http://www.gzhshoulu.wang/article/1048699'  AND `is_delete` = 0 LIMIT 1 [ RunTime:0.000000s ]
[ sql ] [ SQL ] SELECT COUNT(*) AS tp_count FROM `au_public_article` WHERE  `details_page` = 'http://www.gzhshoulu.wang/article/996985'  AND `is_delete` = 0 LIMIT 1 [ RunTime:0.000000s ]
[ sql ] [ SQL ] SELECT COUNT(*) AS tp_count FROM `au_public_article` WHERE  `details_page` = 'http://www.gzhshoulu.wang/article/996097'  AND `is_delete` = 0 LIMIT 1 [ RunTime:0.000000s ]
[ sql ] [ SQL ] SELECT COUNT(*) AS tp_count FROM `au_public_article` WHERE  `details_page` = 'http://www.gzhshoulu.wang/article/996103'  AND `is_delete` = 0 LIMIT 1 [ RunTime:0.000000s ]
[ sql ] [ SQL ] SELECT COUNT(*) AS tp_count FROM `au_public_article` WHERE  `details_page` = 'http://www.gzhshoulu.wang/article/996102'  AND `is_delete` = 0 LIMIT 1 [ RunTime:0.000000s ]
[ sql ] [ SQL ] SELECT COUNT(*) AS tp_count FROM `au_public_article` WHERE  `details_page` = 'http://www.gzhshoulu.wang/article/996101'  AND `is_delete` = 0 LIMIT 1 [ RunTime:0.000000s ]
[ sql ] [ SQL ] SELECT COUNT(*) AS tp_count FROM `au_public_article` WHERE  `details_page` = 'http://www.gzhshoulu.wang/article/996100'  AND `is_delete` = 0 LIMIT 1 [ RunTime:0.000000s ]
[ sql ] [ SQL ] SELECT COUNT(*) AS tp_count FROM `au_public_article` WHERE  `details_page` = 'http://www.gzhshoulu.wang/article/996099'  AND `is_delete` = 0 LIMIT 1 [ RunTime:0.000000s ]
[ sql ] [ SQL ] SELECT COUNT(*) AS tp_count FROM `au_public_article` WHERE  `details_page` = 'http://www.gzhshoulu.wang/article/996098'  AND `is_delete` = 0 LIMIT 1 [ RunTime:0.000000s ]

---------------------------------------------------------------
